Log file open, 12/11/19 12:44:56
LogWindows: Failed to load 'aqProf.dll' (GetLastError=126)
LogWindows: File 'aqProf.dll' does not exist
LogWindows: Failed to load 'VtuneApi.dll' (GetLastError=126)
LogWindows: File 'VtuneApi.dll' does not exist
LogWindows: Failed to load 'VtuneApi32e.dll' (GetLastError=126)
LogWindows: File 'VtuneApi32e.dll' does not exist
LogConsoleResponse: Display: Failed to find resolution value strings in scalability ini. Falling back to default.
LogInit: Display: Running engine for game: Horror_Game
LogPlatformFile: Not using cached read wrapper
LogTaskGraph: Started task graph with 5 named threads and 14 total threads with 3 sets of task threads.
LogStats: Stats thread started at 0.087100
LogD3D11RHI: Loaded GFSDK_Aftermath_Lib.x64.dll
LogICUInternationalization: ICU TimeZone Detection - Raw Offset: +1:00, Platform Override: ''
LogPluginManager: Mounting plugin Paper2D
LogPluginManager: Mounting plugin AISupport
LogPluginManager: Mounting plugin LightPropagationVolume
LogPluginManager: Mounting plugin ActorLayerUtilities
LogPluginManager: Mounting plugin AnimationSharing
LogPluginManager: Mounting plugin CLionSourceCodeAccess
LogPluginManager: Mounting plugin CodeLiteSourceCodeAccess
LogPluginManager: Mounting plugin GitSourceControl
LogPluginManager: Mounting plugin KDevelopSourceCodeAccess
LogPluginManager: Mounting plugin NullSourceCodeAccess
LogPluginManager: Mounting plugin PerforceSourceControl
LogPluginManager: Mounting plugin SubversionSourceControl
LogPluginManager: Mounting plugin UObjectPlugin
LogPluginManager: Mounting plugin VisualStudioCodeSourceCodeAccess
LogPluginManager: Mounting plugin VisualStudioSourceCodeAccess
LogPluginManager: Mounting plugin XCodeSourceCodeAccess
LogPluginManager: Mounting plugin AssetManagerEditor
LogPluginManager: Mounting plugin CryptoKeys
LogPluginManager: Mounting plugin CurveEditorTools
LogPluginManager: Mounting plugin DataValidation
LogPluginManager: Mounting plugin FacialAnimation
LogPluginManager: Mounting plugin GameplayTagsEditor
LogPluginManager: Mounting plugin MacGraphicsSwitching
LogPluginManager: Mounting plugin MaterialAnalyzer
LogPluginManager: Mounting plugin MobileLauncherProfileWizard
LogPluginManager: Mounting plugin PluginBrowser
LogPluginManager: Mounting plugin SpeedTreeImporter
LogPluginManager: Mounting plugin DatasmithContent
LogPluginManager: Mounting plugin VariantManagerContent
LogPluginManager: Mounting plugin AlembicImporter
LogPluginManager: Mounting plugin AutomationUtils
LogPluginManager: Mounting plugin BackChannel
LogPluginManager: Mounting plugin CharacterAI
LogPluginManager: Mounting plugin GeometryCache
LogPluginManager: Mounting plugin HTML5Networking
LogPluginManager: Mounting plugin PlatformCrypto
LogPluginManager: Mounting plugin ProxyLODPlugin
LogPluginManager: Mounting plugin SkeletalReduction
LogPluginManager: Mounting plugin MagicLeap
LogPluginManager: Mounting plugin MagicLeapMedia
LogPluginManager: Mounting plugin AndroidMedia
LogPluginManager: Mounting plugin AvfMedia
LogPluginManager: Mounting plugin ImgMedia
LogPluginManager: Mounting plugin MediaCompositing
LogPluginManager: Mounting plugin MediaPlayerEditor
LogPluginManager: Mounting plugin WebMMedia
LogPluginManager: Mounting plugin WmfMedia
LogPluginManager: Mounting plugin TcpMessaging
LogPluginManager: Mounting plugin UdpMessaging
LogPluginManager: Mounting plugin ActorSequence
LogPluginManager: Mounting plugin LevelSequenceEditor
LogPluginManager: Mounting plugin MatineeToLevelSequence
LogPluginManager: Mounting plugin NetcodeUnitTest
LogPluginManager: Mounting plugin NUTUnrealEngine4
LogPluginManager: Mounting plugin OnlineSubsystemGooglePlay
LogPluginManager: Mounting plugin OnlineSubsystemIOS
LogPluginManager: Mounting plugin OnlineSubsystem
LogPluginManager: Mounting plugin OnlineSubsystemNull
LogPluginManager: Mounting plugin OnlineSubsystemUtils
LogPluginManager: Mounting plugin LauncherChunkInstaller
LogPluginManager: Mounting plugin AndroidDeviceProfileSelector
LogPluginManager: Mounting plugin AndroidMoviePlayer
LogPluginManager: Mounting plugin AndroidPermission
LogPluginManager: Mounting plugin AppleImageUtils
LogPluginManager: Mounting plugin AppleMoviePlayer
LogPluginManager: Mounting plugin ArchVisCharacter
LogPluginManager: Mounting plugin AudioCapture
LogPluginManager: Mounting plugin CableComponent
LogPluginManager: Mounting plugin CustomMeshComponent
LogPluginManager: Mounting plugin EditableMesh
LogPluginManager: Mounting plugin ExampleDeviceProfileSelector
LogPluginManager: Mounting plugin GoogleCloudMessaging
LogPluginManager: Mounting plugin IOSDeviceProfileSelector
LogPluginManager: Mounting plugin LinuxDeviceProfileSelector
LogPluginManager: Mounting plugin LocationServicesBPLibrary
LogPluginManager: Mounting plugin MobilePatchingUtils
LogPluginManager: Mounting plugin OculusVR
LogPluginManager: Mounting plugin PhysXVehicles
LogPluginManager: Mounting plugin ProceduralMeshComponent
LogPluginManager: Mounting plugin RuntimePhysXCooking
LogPluginManager: Mounting plugin SignificanceManager
LogPluginManager: Mounting plugin SteamVR
LogPluginManager: Mounting plugin WebMMoviePlayer
LogPluginManager: Mounting plugin WindowsMoviePlayer
LogPluginManager: Mounting plugin ScreenshotTools
LogInit: Using libcurl 7.55.1-DEV
LogInit:  - built for x86_64-pc-win32
LogInit:  - supports SSL with OpenSSL/1.1.1
LogInit:  - supports HTTP deflate (compression) using libz 1.2.8
LogInit:  - other features:
LogInit:      CURL_VERSION_SSL
LogInit:      CURL_VERSION_LIBZ
LogInit:      CURL_VERSION_IPV6
LogInit:      CURL_VERSION_ASYNCHDNS
LogInit:      CURL_VERSION_LARGEFILE
LogInit:      CURL_VERSION_IDN
LogInit:  CurlRequestOptions (configurable via config and command line):
LogInit:  - bVerifyPeer = true  - Libcurl will verify peer certificate
LogInit:  - bUseHttpProxy = false  - Libcurl will NOT use HTTP proxy
LogInit:  - bDontReuseConnections = false  - Libcurl will reuse connections
LogInit:  - MaxHostConnections = 16  - Libcurl will limit the number of connections to a host
LogInit:  - LocalHostAddr = Default
LogInit:  - BufferSize = 65536
LogOnline: OSS: Creating online subsystem instance for: NULL
LogInit: WinSock: version 1.1 (2.2), MaxSocks=32767, MaxUdp=65467
LogInit: Build: ++UE4+Release-4.23-CL-9631420
LogInit: Engine Version: 4.23.1-9631420+++UE4+Release-4.23
LogInit: Compatible Engine Version: 4.23.0-8386587+++UE4+Release-4.23
LogInit: Net CL: 8386587
LogInit: OS: Windows 10 (Release 1803) (), CPU: Intel(R) Core(TM) i5-7440HQ CPU @ 2.80GHz, GPU: Intel(R) HD Graphics 630
LogInit: Compiled (64-bit): Oct 18 2019 02:07:44
LogInit: Compiled with Visual C++: 19.16.27030.01
LogInit: Build Configuration: Development
LogInit: Branch Name: ++UE4+Release-4.23
LogInit: Command Line: 
LogInit: Base Directory: C:/Program Files/Epic Games/UE_4.23/Engine/Binaries/Win64/
LogInit: Installed Engine Build: 1
LogDevObjectVersion: Number of dev versions registered: 23
LogDevObjectVersion:   Dev-Blueprints (B0D832E4-1F89-4F0D-ACCF-7EB736FD4AA2): 10
LogDevObjectVersion:   Dev-Build (E1C64328-A22C-4D53-A36C-8E866417BD8C): 0
LogDevObjectVersion:   Dev-Core (375EC13C-06E4-48FB-B500-84F0262A717E): 3
LogDevObjectVersion:   Dev-Editor (E4B068ED-F494-42E9-A231-DA0B2E46BB41): 34
LogDevObjectVersion:   Dev-Framework (CFFC743F-43B0-4480-9391-14DF171D2073): 35
LogDevObjectVersion:   Dev-Mobile (B02B49B5-BB20-44E9-A304-32B752E40360): 2
LogDevObjectVersion:   Dev-Networking (A4E4105C-59A1-49B5-A7C5-40C4547EDFEE): 0
LogDevObjectVersion:   Dev-Online (39C831C9-5AE6-47DC-9A44-9C173E1C8E7C): 0
LogDevObjectVersion:   Dev-Physics (78F01B33-EBEA-4F98-B9B4-84EACCB95AA2): 0
LogDevObjectVersion:   Dev-Platform (6631380F-2D4D-43E0-8009-CF276956A95A): 0
LogDevObjectVersion:   Dev-Rendering (12F88B9F-8875-4AFC-A67C-D90C383ABD29): 31
LogDevObjectVersion:   Dev-Sequencer (7B5AE74C-D270-4C10-A958-57980B212A5A): 11
LogDevObjectVersion:   Dev-VR (D7296918-1DD6-4BDD-9DE2-64A83CC13884): 2
LogDevObjectVersion:   Dev-LoadTimes (C2A15278-BFE7-4AFE-6C17-90FF531DF755): 1
LogDevObjectVersion:   Private-Geometry (6EACA3D4-40EC-4CC1-B786-8BED09428FC5): 3
LogDevObjectVersion:   Dev-AnimPhys (29E575DD-E0A3-4627-9D10-D276232CDCEA): 17
LogDevObjectVersion:   Dev-Anim (AF43A65D-7FD3-4947-9873-3E8ED9C1BB05): 2
LogDevObjectVersion:   Dev-ReflectionCapture (6B266CEC-1EC7-4B8F-A30B-E4D90942FC07): 1
LogDevObjectVersion:   Dev-Automation (0DF73D61-A23F-47EA-B727-89E90C41499A): 1
LogDevObjectVersion:   FortniteMain (601D1886-AC64-4F84-AA16-D3DE0DEAC7D6): 27
LogDevObjectVersion:   Dev-Enterprise (9DFFBCD6-494F-0158-E221-12823C92A888): 6
LogDevObjectVersion:   Dev-Niagara (F2AED0AC-9AFE-416F-8664-AA7FFA26D6FC): 1
LogDevObjectVersion:   Dev-Destruction (174F1F0B-B4C6-45A5-B13F-2EE8D0FB917D): 9
LogInit: Presizing for max 16777216 objects, including 0 objects not considered by GC, pre-allocating 0 bytes for permanent pool.
LogInit: Object subsystem initialized
LogConfig: Setting CVar [[con.DebugEarlyDefault:1]]
LogConfig: Setting CVar [[r.setres:1280x720]]
[2019.12.11-11.44.56:850][  0]LogConfig: Setting CVar [[r.VSync:0]]
[2019.12.11-11.44.56:850][  0]LogConfig: Setting CVar [[r.RHICmdBypass:0]]
[2019.12.11-11.44.56:850][  0]LogConfig: Applying CVar settings from Section [/Script/Engine.RendererSettings] File [C:/Users/oskar.emanuelsson1/Documents/Visual Studio 2017/Projects/FinalStop/Horror_Game/Saved/Config/Windows/Engine.ini]
[2019.12.11-11.44.56:850][  0]LogConfig: Setting CVar [[r.GPUCrashDebugging:0]]
[2019.12.11-11.44.56:850][  0]LogConfig: Applying CVar settings from Section [/Script/Engine.RendererOverrideSettings] File [C:/Users/oskar.emanuelsson1/Documents/Visual Studio 2017/Projects/FinalStop/Horror_Game/Saved/Config/Windows/Engine.ini]
[2019.12.11-11.44.56:850][  0]LogConfig: Applying CVar settings from Section [/Script/Engine.StreamingSettings] File [C:/Users/oskar.emanuelsson1/Documents/Visual Studio 2017/Projects/FinalStop/Horror_Game/Saved/Config/Windows/Engine.ini]
[2019.12.11-11.44.56:850][  0]LogConfig: Setting CVar [[s.MinBulkDataSizeForAsyncLoading:131072]]
[2019.12.11-11.44.56:850][  0]LogConfig: Setting CVar [[s.AsyncLoadingThreadEnabled:0]]
[2019.12.11-11.44.56:850][  0]LogConfig: Setting CVar [[s.EventDrivenLoaderEnabled:1]]
[2019.12.11-11.44.56:850][  0]LogConfig: Setting CVar [[s.WarnIfTimeLimitExceeded:0]]
[2019.12.11-11.44.56:850][  0]LogConfig: Setting CVar [[s.TimeLimitExceededMultiplier:1.5]]
[2019.12.11-11.44.56:850][  0]LogConfig: Setting CVar [[s.TimeLimitExceededMinTime:0.005]]
[2019.12.11-11.44.56:850][  0]LogConfig: Setting CVar [[s.UseBackgroundLevelStreaming:1]]
[2019.12.11-11.44.56:850][  0]LogConfig: Setting CVar [[s.PriorityAsyncLoadingExtraTime:15.0]]
[2019.12.11-11.44.56:850][  0]LogConfig: Setting CVar [[s.LevelStreamingActorsUpdateTimeLimit:5.0]]
[2019.12.11-11.44.56:850][  0]LogConfig: Setting CVar [[s.PriorityLevelStreamingActorsUpdateExtraTime:5.0]]
[2019.12.11-11.44.56:851][  0]LogConfig: Setting CVar [[s.LevelStreamingComponentsRegistrationGranularity:10]]
[2019.12.11-11.44.56:851][  0]LogConfig: Setting CVar [[s.UnregisterComponentsTimeLimit:1.0]]
[2019.12.11-11.44.56:851][  0]LogConfig: Setting CVar [[s.LevelStreamingComponentsUnregistrationGranularity:5]]
[2019.12.11-11.44.56:851][  0]LogConfig: Applying CVar settings from Section [/Script/Engine.GarbageCollectionSettings] File [C:/Users/oskar.emanuelsson1/Documents/Visual Studio 2017/Projects/FinalStop/Horror_Game/Saved/Config/Windows/Engine.ini]
[2019.12.11-11.44.56:851][  0]LogConfig: Setting CVar [[gc.MaxObjectsNotConsideredByGC:1]]
[2019.12.11-11.44.56:851][  0]LogConfig: Setting CVar [[gc.SizeOfPermanentObjectPool:0]]
[2019.12.11-11.44.56:851][  0]LogConfig: Setting CVar [[gc.FlushStreamingOnGC:0]]
[2019.12.11-11.44.56:851][  0]LogConfig: Setting CVar [[gc.NumRetriesBeforeForcingGC:10]]
[2019.12.11-11.44.56:851][  0]LogConfig: Setting CVar [[gc.AllowParallelGC:1]]
[2019.12.11-11.44.56:851][  0]LogConfig: Setting CVar [[gc.TimeBetweenPurgingPendingKillObjects:61.1]]
[2019.12.11-11.44.56:851][  0]LogConfig: Setting CVar [[gc.MaxObjectsInEditor:16777216]]
[2019.12.11-11.44.56:851][  0]LogConfig: Setting CVar [[gc.IncrementalBeginDestroyEnabled:1]]
[2019.12.11-11.44.56:851][  0]LogConfig: Setting CVar [[gc.CreateGCClusters:1]]
[2019.12.11-11.44.56:851][  0]LogConfig: Setting CVar [[gc.MinGCClusterSize:5]]
[2019.12.11-11.44.56:851][  0]LogConfig: Setting CVar [[gc.ActorClusteringEnabled:0]]
[2019.12.11-11.44.56:851][  0]LogConfig: Setting CVar [[gc.BlueprintClusteringEnabled:0]]
[2019.12.11-11.44.56:851][  0]LogConfig: Setting CVar [[gc.UseDisregardForGCOnDedicatedServers:0]]
[2019.12.11-11.44.56:851][  0]LogConfig: Applying CVar settings from Section [/Script/Engine.NetworkSettings] File [C:/Users/oskar.emanuelsson1/Documents/Visual Studio 2017/Projects/FinalStop/Horror_Game/Saved/Config/Windows/Engine.ini]
[2019.12.11-11.44.56:851][  0]LogConfig: Applying CVar settings from Section [/Script/UnrealEd.CookerSettings] File [C:/Users/oskar.emanuelsson1/Documents/Visual Studio 2017/Projects/FinalStop/Horror_Game/Saved/Config/Windows/Engine.ini]
[2019.12.11-11.44.56:853][  0]LogConfig: Applying CVar settings from Section [ViewDistanceQuality@3] File [C:/Users/oskar.emanuelsson1/Documents/Visual Studio 2017/Projects/FinalStop/Horror_Game/Saved/Config/Windows/Scalability.ini]
[2019.12.11-11.44.56:853][  0]LogConfig: Setting CVar [[r.SkeletalMeshLODBias:0]]
[2019.12.11-11.44.56:853][  0]LogConfig: Setting CVar [[r.ViewDistanceScale:1.0]]
[2019.12.11-11.44.56:853][  0]LogConfig: Applying CVar settings from Section [AntiAliasingQuality@3] File [C:/Users/oskar.emanuelsson1/Documents/Visual Studio 2017/Projects/FinalStop/Horror_Game/Saved/Config/Windows/Scalability.ini]
[2019.12.11-11.44.56:853][  0]LogConfig: Setting CVar [[r.PostProcessAAQuality:4]]
[2019.12.11-11.44.56:853][  0]LogConfig: Applying CVar settings from Section [ShadowQuality@3] File [C:/Users/oskar.emanuelsson1/Documents/Visual Studio 2017/Projects/FinalStop/Horror_Game/Saved/Config/Windows/Scalability.ini]
[2019.12.11-11.44.56:853][  0]LogConfig: Setting CVar [[r.LightFunctionQuality:1]]
[2019.12.11-11.44.56:853][  0]LogConfig: Setting CVar [[r.ShadowQuality:5]]
[2019.12.11-11.44.56:853][  0]LogConfig: Setting CVar [[r.Shadow.CSM.MaxCascades:10]]
[2019.12.11-11.44.56:853][  0]LogConfig: Setting CVar [[r.Shadow.MaxResolution:2048]]
[2019.12.11-11.44.56:853][  0]LogConfig: Setting CVar [[r.Shadow.MaxCSMResolution:2048]]
[2019.12.11-11.44.56:853][  0]LogConfig: Setting CVar [[r.Shadow.RadiusThreshold:0.01]]
[2019.12.11-11.44.56:853][  0]LogConfig: Setting CVar [[r.Shadow.DistanceScale:1.0]]
[2019.12.11-11.44.56:853][  0]LogConfig: Setting CVar [[r.Shadow.CSM.TransitionScale:1.0]]
[2019.12.11-11.44.56:853][  0]LogConfig: Setting CVar [[r.Shadow.PreShadowResolutionFactor:1.0]]
[2019.12.11-11.44.56:853][  0]LogConfig: Setting CVar [[r.DistanceFieldShadowing:1]]
[2019.12.11-11.44.56:853][  0]LogConfig: Setting CVar [[r.DistanceFieldAO:1]]
[2019.12.11-11.44.56:853][  0]LogConfig: Setting CVar [[r.AOQuality:2]]
[2019.12.11-11.44.56:853][  0]LogConfig: Setting CVar [[r.VolumetricFog:1]]
[2019.12.11-11.44.56:853][  0]LogConfig: Setting CVar [[r.VolumetricFog.GridPixelSize:8]]
[2019.12.11-11.44.56:853][  0]LogConfig: Setting CVar [[r.VolumetricFog.GridSizeZ:128]]
[2019.12.11-11.44.56:853][  0]LogConfig: Setting CVar [[r.VolumetricFog.HistoryMissSupersampleCount:4]]
[2019.12.11-11.44.56:853][  0]LogConfig: Setting CVar [[r.LightMaxDrawDistanceScale:1]]
[2019.12.11-11.44.56:853][  0]LogConfig: Setting CVar [[r.CapsuleShadows:1]]
[2019.12.11-11.44.56:853][  0]LogConfig: Applying CVar settings from Section [PostProcessQuality@3] File [C:/Users/oskar.emanuelsson1/Documents/Visual Studio 2017/Projects/FinalStop/Horror_Game/Saved/Config/Windows/Scalability.ini]
[2019.12.11-11.44.56:853][  0]LogConfig: Setting CVar [[r.MotionBlurQuality:4]]
[2019.12.11-11.44.56:853][  0]LogConfig: Setting CVar [[r.AmbientOcclusionMipLevelFactor:0.4]]
[2019.12.11-11.44.56:853][  0]LogConfig: Setting CVar [[r.AmbientOcclusionMaxQuality:100]]
[2019.12.11-11.44.56:853][  0]LogConfig: Setting CVar [[r.AmbientOcclusionLevels:-1]]
[2019.12.11-11.44.56:853][  0]LogConfig: Setting CVar [[r.AmbientOcclusionRadiusScale:1.0]]
[2019.12.11-11.44.56:853][  0]LogConfig: Setting CVar [[r.DepthOfFieldQuality:2]]
[2019.12.11-11.44.56:853][  0]LogConfig: Setting CVar [[r.RenderTargetPoolMin:400]]
[2019.12.11-11.44.56:853][  0]LogConfig: Setting CVar [[r.LensFlareQuality:2]]
[2019.12.11-11.44.56:853][  0]LogConfig: Setting CVar [[r.SceneColorFringeQuality:1]]
[2019.12.11-11.44.56:853][  0]LogConfig: Setting CVar [[r.EyeAdaptationQuality:2]]
[2019.12.11-11.44.56:853][  0]LogConfig: Setting CVar [[r.BloomQuality:5]]
[2019.12.11-11.44.56:853][  0]LogConfig: Setting CVar [[r.FastBlurThreshold:100]]
[2019.12.11-11.44.56:853][  0]LogConfig: Setting CVar [[r.Upscale.Quality:3]]
[2019.12.11-11.44.56:853][  0]LogConfig: Setting CVar [[r.Tonemapper.GrainQuantization:1]]
[2019.12.11-11.44.56:853][  0]LogConfig: Setting CVar [[r.LightShaftQuality:1]]
[2019.12.11-11.44.56:853][  0]LogConfig: Setting CVar [[r.Filter.SizeScale:1]]
[2019.12.11-11.44.56:853][  0]LogConfig: Setting CVar [[r.Tonemapper.Quality:5]]
[2019.12.11-11.44.56:853][  0]LogConfig: Setting CVar [[r.DOF.Gather.AccumulatorQuality:1        ; higher gathering accumulator quality]]
[2019.12.11-11.44.56:853][  0]LogConfig: Setting CVar [[r.DOF.Gather.PostfilterMethod:1          ; Median3x3 postfilering method]]
[2019.12.11-11.44.56:853][  0]LogConfig: Setting CVar [[r.DOF.Gather.EnableBokehSettings:0       ; no bokeh simulation when gathering]]
[2019.12.11-11.44.56:853][  0]LogConfig: Setting CVar [[r.DOF.Gather.RingCount:4                 ; medium number of samples when gathering]]
[2019.12.11-11.44.56:853][  0]LogConfig: Setting CVar [[r.DOF.Scatter.ForegroundCompositing:1    ; additive foreground scattering]]
[2019.12.11-11.44.56:853][  0]LogConfig: Setting CVar [[r.DOF.Scatter.BackgroundCompositing:2    ; additive background scattering]]
[2019.12.11-11.44.56:853][  0]LogConfig: Setting CVar [[r.DOF.Scatter.EnableBokehSettings:1      ; bokeh simulation when scattering]]
[2019.12.11-11.44.56:853][  0]LogConfig: Setting CVar [[r.DOF.Scatter.MaxSpriteRatio:0.1         ; only a maximum of 10% of scattered bokeh]]
[2019.12.11-11.44.56:853][  0]LogConfig: Setting CVar [[r.DOF.Recombine.Quality:1                ; cheap slight out of focus]]
[2019.12.11-11.44.56:853][  0]LogConfig: Setting CVar [[r.DOF.Recombine.EnableBokehSettings:0    ; no bokeh simulation on slight out of focus]]
[2019.12.11-11.44.56:853][  0]LogConfig: Setting CVar [[r.DOF.TemporalAAQuality:1                ; more stable temporal accumulation]]
[2019.12.11-11.44.56:853][  0]LogConfig: Setting CVar [[r.DOF.Kernel.MaxForegroundRadius:0.025]]
[2019.12.11-11.44.56:853][  0]LogConfig: Setting CVar [[r.DOF.Kernel.MaxBackgroundRadius:0.025]]
[2019.12.11-11.44.56:853][  0]LogConfig: Applying CVar settings from Section [TextureQuality@3] File [C:/Users/oskar.emanuelsson1/Documents/Visual Studio 2017/Projects/FinalStop/Horror_Game/Saved/Config/Windows/Scalability.ini]
[2019.12.11-11.44.56:853][  0]LogConfig: Setting CVar [[r.Streaming.MipBias:0]]
[2019.12.11-11.44.56:853][  0]LogConfig: Setting CVar [[r.Streaming.AmortizeCPUToGPUCopy:0]]
[2019.12.11-11.44.56:853][  0]LogConfig: Setting CVar [[r.Streaming.MaxNumTexturesToStreamPerFrame:0]]
[2019.12.11-11.44.56:853][  0]LogConfig: Setting CVar [[r.Streaming.Boost:1]]
[2019.12.11-11.44.56:853][  0]LogConfig: Setting CVar [[r.MaxAnisotropy:8]]
[2019.12.11-11.44.56:854][  0]LogConfig: Setting CVar [[r.Streaming.LimitPoolSizeToVRAM:0]]
[2019.12.11-11.44.56:854][  0]LogConfig: Setting CVar [[r.Streaming.PoolSize:1000]]
[2019.12.11-11.44.56:854][  0]LogConfig: Setting CVar [[r.Streaming.MaxEffectiveScreenSize:0]]
[2019.12.11-11.44.56:854][  0]LogConfig: Applying CVar settings from Section [EffectsQuality@3] File [C:/Users/oskar.emanuelsson1/Documents/Visual Studio 2017/Projects/FinalStop/Horror_Game/Saved/Config/Windows/Scalability.ini]
[2019.12.11-11.44.56:854][  0]LogConfig: Setting CVar [[r.TranslucencyLightingVolumeDim:64]]
[2019.12.11-11.44.56:854][  0]LogConfig: Setting CVar [[r.RefractionQuality:2]]
[2019.12.11-11.44.56:854][  0]LogConfig: Setting CVar [[r.SSR.Quality:3]]
[2019.12.11-11.44.56:854][  0]LogConfig: Setting CVar [[r.SceneColorFormat:4]]
[2019.12.11-11.44.56:854][  0]LogConfig: Setting CVar [[r.DetailMode:2]]
[2019.12.11-11.44.56:854][  0]LogConfig: Setting CVar [[r.TranslucencyVolumeBlur:1]]
[2019.12.11-11.44.56:854][  0]LogConfig: Setting CVar [[r.MaterialQualityLevel:1 ; High quality]]
[2019.12.11-11.44.56:854][  0]LogConfig: Setting CVar [[r.SSS.Scale:1]]
[2019.12.11-11.44.56:854][  0]LogConfig: Setting CVar [[r.SSS.SampleSet:2]]
[2019.12.11-11.44.56:854][  0]LogConfig: Setting CVar [[r.SSS.Quality:1]]
[2019.12.11-11.44.56:854][  0]LogConfig: Setting CVar [[r.SSS.HalfRes:1]]
[2019.12.11-11.44.56:854][  0]LogConfig: Setting CVar [[r.EmitterSpawnRateScale:1.0]]
[2019.12.11-11.44.56:854][  0]LogConfig: Setting CVar [[r.ParticleLightQuality:2]]
[2019.12.11-11.44.56:854][  0]LogConfig: Applying CVar settings from Section [FoliageQuality@3] File [C:/Users/oskar.emanuelsson1/Documents/Visual Studio 2017/Projects/FinalStop/Horror_Game/Saved/Config/Windows/Scalability.ini]
[2019.12.11-11.44.56:854][  0]LogConfig: Setting CVar [[foliage.DensityScale:1.0]]
[2019.12.11-11.44.56:854][  0]LogConfig: Setting CVar [[grass.DensityScale:1.0]]
[2019.12.11-11.44.56:854][  0]LogInit: Selected Device Profile: [Windows]
[2019.12.11-11.44.56:854][  0]LogInit: Applying CVar settings loaded from the selected device profile: [Windows]
[2019.12.11-11.44.56:856][  0]LogHAL: Display: Platform has ~ 16 GB [17034846208 / 17179869184 / 16], which maps to Larger [LargestMinGB=32, LargerMinGB=12, DefaultMinGB=8, SmallerMinGB=6, SmallestMinGB=0)
[2019.12.11-11.44.56:856][  0]LogInit: Going up to parent DeviceProfile []
[2019.12.11-11.44.56:856][  0]LogConfig: Applying CVar settings from Section [ViewDistanceQuality@3] File [C:/Users/oskar.emanuelsson1/Documents/Visual Studio 2017/Projects/FinalStop/Horror_Game/Saved/Config/Windows/Scalability.ini]
[2019.12.11-11.44.56:857][  0]LogConfig: Setting CVar [[r.SkeletalMeshLODBias:0]]
[2019.12.11-11.44.56:857][  0]LogConfig: Setting CVar [[r.ViewDistanceScale:1.0]]
[2019.12.11-11.44.56:857][  0]LogConfig: Applying CVar settings from Section [AntiAliasingQuality@3] File [C:/Users/oskar.emanuelsson1/Documents/Visual Studio 2017/Projects/FinalStop/Horror_Game/Saved/Config/Windows/Scalability.ini]
[2019.12.11-11.44.56:857][  0]LogConfig: Setting CVar [[r.PostProcessAAQuality:4]]
[2019.12.11-11.44.56:858][  0]LogConfig: Applying CVar settings from Section [ShadowQuality@3] File [C:/Users/oskar.emanuelsson1/Documents/Visual Studio 2017/Projects/FinalStop/Horror_Game/Saved/Config/Windows/Scalability.ini]
[2019.12.11-11.44.56:858][  0]LogConfig: Setting CVar [[r.LightFunctionQuality:1]]
[2019.12.11-11.44.56:858][  0]LogConfig: Setting CVar [[r.ShadowQuality:5]]
[2019.12.11-11.44.56:858][  0]LogConfig: Setting CVar [[r.Shadow.CSM.MaxCascades:10]]
[2019.12.11-11.44.56:858][  0]LogConfig: Setting CVar [[r.Shadow.MaxResolution:2048]]
[2019.12.11-11.44.56:858][  0]LogConfig: Setting CVar [[r.Shadow.MaxCSMResolution:2048]]
[2019.12.11-11.44.56:858][  0]LogConfig: Setting CVar [[r.Shadow.RadiusThreshold:0.01]]
[2019.12.11-11.44.56:858][  0]LogConfig: Setting CVar [[r.Shadow.DistanceScale:1.0]]
[2019.12.11-11.44.56:858][  0]LogConfig: Setting CVar [[r.Shadow.CSM.TransitionScale:1.0]]
[2019.12.11-11.44.56:858][  0]LogConfig: Setting CVar [[r.Shadow.PreShadowResolutionFactor:1.0]]
[2019.12.11-11.44.56:858][  0]LogConfig: Setting CVar [[r.DistanceFieldShadowing:1]]
[2019.12.11-11.44.56:858][  0]LogConfig: Setting CVar [[r.DistanceFieldAO:1]]
[2019.12.11-11.44.56:858][  0]LogConfig: Setting CVar [[r.AOQuality:2]]
[2019.12.11-11.44.56:858][  0]LogConfig: Setting CVar [[r.VolumetricFog:1]]
[2019.12.11-11.44.56:858][  0]LogConfig: Setting CVar [[r.VolumetricFog.GridPixelSize:8]]
[2019.12.11-11.44.56:858][  0]LogConfig: Setting CVar [[r.VolumetricFog.GridSizeZ:128]]
[2019.12.11-11.44.56:858][  0]LogConfig: Setting CVar [[r.VolumetricFog.HistoryMissSupersampleCount:4]]
[2019.12.11-11.44.56:858][  0]LogConfig: Setting CVar [[r.LightMaxDrawDistanceScale:1]]
[2019.12.11-11.44.56:858][  0]LogConfig: Setting CVar [[r.CapsuleShadows:1]]
[2019.12.11-11.44.56:858][  0]LogConfig: Applying CVar settings from Section [PostProcessQuality@3] File [C:/Users/oskar.emanuelsson1/Documents/Visual Studio 2017/Projects/FinalStop/Horror_Game/Saved/Config/Windows/Scalability.ini]
[2019.12.11-11.44.56:858][  0]LogConfig: Setting CVar [[r.MotionBlurQuality:4]]
[2019.12.11-11.44.56:858][  0]LogConfig: Setting CVar [[r.AmbientOcclusionMipLevelFactor:0.4]]
[2019.12.11-11.44.56:858][  0]LogConfig: Setting CVar [[r.AmbientOcclusionMaxQuality:100]]
[2019.12.11-11.44.56:858][  0]LogConfig: Setting CVar [[r.AmbientOcclusionLevels:-1]]
[2019.12.11-11.44.56:858][  0]LogConfig: Setting CVar [[r.AmbientOcclusionRadiusScale:1.0]]
[2019.12.11-11.44.56:858][  0]LogConfig: Setting CVar [[r.DepthOfFieldQuality:2]]
[2019.12.11-11.44.56:858][  0]LogConfig: Setting CVar [[r.RenderTargetPoolMin:400]]
[2019.12.11-11.44.56:858][  0]LogConfig: Setting CVar [[r.LensFlareQuality:2]]
[2019.12.11-11.44.56:858][  0]LogConfig: Setting CVar [[r.SceneColorFringeQuality:1]]
[2019.12.11-11.44.56:858][  0]LogConfig: Setting CVar [[r.EyeAdaptationQuality:2]]
[2019.12.11-11.44.56:858][  0]LogConfig: Setting CVar [[r.BloomQuality:5]]
[2019.12.11-11.44.56:858][  0]LogConfig: Setting CVar [[r.FastBlurThreshold:100]]
[2019.12.11-11.44.56:858][  0]LogConfig: Setting CVar [[r.Upscale.Quality:3]]
[2019.12.11-11.44.56:858][  0]LogConfig: Setting CVar [[r.Tonemapper.GrainQuantization:1]]
[2019.12.11-11.44.56:858][  0]LogConfig: Setting CVar [[r.LightShaftQuality:1]]
[2019.12.11-11.44.56:858][  0]LogConfig: Setting CVar [[r.Filter.SizeScale:1]]
[2019.12.11-11.44.56:858][  0]LogConfig: Setting CVar [[r.Tonemapper.Quality:5]]
[2019.12.11-11.44.56:858][  0]LogConfig: Setting CVar [[r.DOF.Gather.AccumulatorQuality:1        ; higher gathering accumulator quality]]
[2019.12.11-11.44.56:858][  0]LogConfig: Setting CVar [[r.DOF.Gather.PostfilterMethod:1          ; Median3x3 postfilering method]]
[2019.12.11-11.44.56:858][  0]LogConfig: Setting CVar [[r.DOF.Gather.EnableBokehSettings:0       ; no bokeh simulation when gathering]]
[2019.12.11-11.44.56:858][  0]LogConfig: Setting CVar [[r.DOF.Gather.RingCount:4                 ; medium number of samples when gathering]]
[2019.12.11-11.44.56:858][  0]LogConfig: Setting CVar [[r.DOF.Scatter.ForegroundCompositing:1    ; additive foreground scattering]]
[2019.12.11-11.44.56:858][  0]LogConfig: Setting CVar [[r.DOF.Scatter.BackgroundCompositing:2    ; additive background scattering]]
[2019.12.11-11.44.56:858][  0]LogConfig: Setting CVar [[r.DOF.Scatter.EnableBokehSettings:1      ; bokeh simulation when scattering]]
[2019.12.11-11.44.56:858][  0]LogConfig: Setting CVar [[r.DOF.Scatter.MaxSpriteRatio:0.1         ; only a maximum of 10% of scattered bokeh]]
[2019.12.11-11.44.56:858][  0]LogConfig: Setting CVar [[r.DOF.Recombine.Quality:1                ; cheap slight out of focus]]
[2019.12.11-11.44.56:858][  0]LogConfig: Setting CVar [[r.DOF.Recombine.EnableBokehSettings:0    ; no bokeh simulation on slight out of focus]]
[2019.12.11-11.44.56:858][  0]LogConfig: Setting CVar [[r.DOF.TemporalAAQuality:1                ; more stable temporal accumulation]]
[2019.12.11-11.44.56:858][  0]LogConfig: Setting CVar [[r.DOF.Kernel.MaxForegroundRadius:0.025]]
[2019.12.11-11.44.56:858][  0]LogConfig: Setting CVar [[r.DOF.Kernel.MaxBackgroundRadius:0.025]]
[2019.12.11-11.44.56:858][  0]LogConfig: Applying CVar settings from Section [TextureQuality@3] File [C:/Users/oskar.emanuelsson1/Documents/Visual Studio 2017/Projects/FinalStop/Horror_Game/Saved/Config/Windows/Scalability.ini]
[2019.12.11-11.44.56:858][  0]LogConfig: Setting CVar [[r.Streaming.MipBias:0]]
[2019.12.11-11.44.56:858][  0]LogConfig: Setting CVar [[r.Streaming.AmortizeCPUToGPUCopy:0]]
[2019.12.11-11.44.56:858][  0]LogConfig: Setting CVar [[r.Streaming.MaxNumTexturesToStreamPerFrame:0]]
[2019.12.11-11.44.56:858][  0]LogConfig: Setting CVar [[r.Streaming.Boost:1]]
[2019.12.11-11.44.56:858][  0]LogConfig: Setting CVar [[r.MaxAnisotropy:8]]
[2019.12.11-11.44.56:858][  0]LogConfig: Setting CVar [[r.Streaming.LimitPoolSizeToVRAM:0]]
[2019.12.11-11.44.56:858][  0]LogConfig: Setting CVar [[r.Streaming.PoolSize:1000]]
[2019.12.11-11.44.56:858][  0]LogConfig: Setting CVar [[r.Streaming.MaxEffectiveScreenSize:0]]
[2019.12.11-11.44.56:858][  0]LogConfig: Applying CVar settings from Section [EffectsQuality@3] File [C:/Users/oskar.emanuelsson1/Documents/Visual Studio 2017/Projects/FinalStop/Horror_Game/Saved/Config/Windows/Scalability.ini]
[2019.12.11-11.44.56:858][  0]LogConfig: Setting CVar [[r.TranslucencyLightingVolumeDim:64]]
[2019.12.11-11.44.56:858][  0]LogConfig: Setting CVar [[r.RefractionQuality:2]]
[2019.12.11-11.44.56:858][  0]LogConfig: Setting CVar [[r.SSR.Quality:3]]
[2019.12.11-11.44.56:858][  0]LogConfig: Setting CVar [[r.SceneColorFormat:4]]
[2019.12.11-11.44.56:858][  0]LogConfig: Setting CVar [[r.DetailMode:2]]
[2019.12.11-11.44.56:858][  0]LogConfig: Setting CVar [[r.TranslucencyVolumeBlur:1]]
[2019.12.11-11.44.56:858][  0]LogConfig: Setting CVar [[r.MaterialQualityLevel:1 ; High quality]]
[2019.12.11-11.44.56:858][  0]LogConfig: Setting CVar [[r.SSS.Scale:1]]
[2019.12.11-11.44.56:858][  0]LogConfig: Setting CVar [[r.SSS.SampleSet:2]]
[2019.12.11-11.44.56:858][  0]LogConfig: Setting CVar [[r.SSS.Quality:1]]
[2019.12.11-11.44.56:858][  0]LogConfig: Setting CVar [[r.SSS.HalfRes:1]]
[2019.12.11-11.44.56:858][  0]LogConfig: Setting CVar [[r.EmitterSpawnRateScale:1.0]]
[2019.12.11-11.44.56:858][  0]LogConfig: Setting CVar [[r.ParticleLightQuality:2]]
[2019.12.11-11.44.56:858][  0]LogConfig: Applying CVar settings from Section [FoliageQuality@3] File [C:/Users/oskar.emanuelsson1/Documents/Visual Studio 2017/Projects/FinalStop/Horror_Game/Saved/Config/Windows/Scalability.ini]
[2019.12.11-11.44.56:858][  0]LogConfig: Setting CVar [[foliage.DensityScale:1.0]]
[2019.12.11-11.44.56:858][  0]LogConfig: Setting CVar [[grass.DensityScale:1.0]]
[2019.12.11-11.44.56:858][  0]LogConfig: Applying CVar settings from Section [Startup] File [../../../Engine/Config/ConsoleVariables.ini]
[2019.12.11-11.44.56:858][  0]LogConfig: Setting CVar [[net.UseAdaptiveNetUpdateFrequency:0]]
[2019.12.11-11.44.56:858][  0]LogConfig: Setting CVar [[p.chaos.AllowCreatePhysxBodies:1]]
[2019.12.11-11.44.56:858][  0]LogConfig: Applying CVar settings from Section [ConsoleVariables] File [C:/Users/oskar.emanuelsson1/Documents/Visual Studio 2017/Projects/FinalStop/Horror_Game/Saved/Config/Windows/Engine.ini]
[2019.12.11-11.44.56:858][  0]LogInit: Computer: C23Q5H2
[2019.12.11-11.44.56:858][  0]LogInit: User: oskaremanuelsson1
[2019.12.11-11.44.56:858][  0]LogInit: CPU Page size=4096, Cores=4
[2019.12.11-11.44.56:858][  0]LogInit: High frequency timer resolution =2.742187 MHz
[2019.12.11-11.44.56:858][  0]LogMemory: Memory total: Physical=15.9GB (16GB approx)
[2019.12.11-11.44.56:858][  0]LogMemory: Platform Memory Stats for Windows
[2019.12.11-11.44.56:858][  0]LogMemory: Process Physical Memory: 99.23 MB used, 99.23 MB peak
[2019.12.11-11.44.56:858][  0]LogMemory: Process Virtual Memory: 87.88 MB used, 87.88 MB peak
[2019.12.11-11.44.56:858][  0]LogMemory: Physical Memory: 8299.83 MB used,  7945.87 MB free, 16245.70 MB total
[2019.12.11-11.44.56:858][  0]LogMemory: Virtual Memory: 4655.26 MB used,  134213072.00 MB free, 134217728.00 MB total
[2019.12.11-11.44.56:861][  0]LogWindows: WindowsPlatformFeatures enabled
[2019.12.11-11.44.56:881][  0]LogInit: Using OS detected language (sv-SE).
[2019.12.11-11.44.56:881][  0]LogInit: Using OS detected locale (sv-SE).
[2019.12.11-11.44.56:882][  0]LogTextLocalizationManager: No localization for 'sv-SE' exists, so 'en' will be used for the language.
[2019.12.11-11.44.57:067][  0]LogInit: Setting process to per monitor DPI aware
[2019.12.11-11.44.57:106][  0]LogSlate: New Slate User Created.  User Index 0, Is Virtual User: 0
[2019.12.11-11.44.57:106][  0]LogSlate: Slate User Registered.  User Index 0, Is Virtual User: 0
[2019.12.11-11.44.57:282][  0]LogHMD: Failed to initialize OpenVR with code 110
[2019.12.11-11.44.57:282][  0]LogD3D11RHI: D3D11 adapters:
[2019.12.11-11.44.57:354][  0]LogD3D11RHI:    0. 'NVIDIA GeForce 940MX' (Feature Level 11_0)
[2019.12.11-11.44.57:354][  0]LogD3D11RHI:       2010/0/8122 MB DedicatedVideo/DedicatedSystem/SharedSystem, Outputs:1, VendorId:0x10de
[2019.12.11-11.44.57:366][  0]LogD3D11RHI:    1. 'Intel(R) HD Graphics 630' (Feature Level 11_0)
[2019.12.11-11.44.57:366][  0]LogD3D11RHI:       128/0/8122 MB DedicatedVideo/DedicatedSystem/SharedSystem, Outputs:0, VendorId:0x8086
[2019.12.11-11.44.57:368][  0]LogD3D11RHI:    2. 'Microsoft Basic Render Driver' (Feature Level 11_0)
[2019.12.11-11.44.57:368][  0]LogD3D11RHI:       0/0/8122 MB DedicatedVideo/DedicatedSystem/SharedSystem, Outputs:0, VendorId:0x1414
[2019.12.11-11.44.57:368][  0]LogD3D11RHI: Chosen D3D11 Adapter: 0
[2019.12.11-11.44.57:399][  0]LogD3D11RHI: Creating new Direct3DDevice
[2019.12.11-11.44.57:399][  0]LogD3D11RHI:     GPU DeviceId: 0x179c (for the marketing name, search the web for "GPU Device Id")
[2019.12.11-11.44.57:399][  0]LogWindows: EnumDisplayDevices:
[2019.12.11-11.44.57:399][  0]LogWindows:    0. 'Intel(R) HD Graphics 630' (P:1 D:1)
[2019.12.11-11.44.57:400][  0]LogWindows:    1. 'Intel(R) HD Graphics 630' (P:0 D:0)
[2019.12.11-11.44.57:400][  0]LogWindows:    2. 'Intel(R) HD Graphics 630' (P:0 D:0)
[2019.12.11-11.44.57:400][  0]LogWindows: DebugString: PrimaryIsNotTheChoosenAdapter PrimaryIsNotTheChoosenAdapter PrimaryIsNotTheChoosenAdapter FoundDriverCount:0 
[2019.12.11-11.44.57:400][  0]LogD3D11RHI:     Adapter Name: NVIDIA GeForce 940MX
[2019.12.11-11.44.57:400][  0]LogD3D11RHI:   Driver Version: Unknown (internal:Unknown, unified:Unknown)
[2019.12.11-11.44.57:400][  0]LogD3D11RHI:      Driver Date: Unknown
[2019.12.11-11.44.57:400][  0]LogRHI: Texture pool is 1407 MB (70% of 2010 MB)
[2019.12.11-11.44.57:450][  0]LogD3D11RHI: Async texture creation enabled
[2019.12.11-11.44.57:464][  0]LogD3D11RHI: GPU Timing Frequency: 1000.000000 (Debug: 2 1)
[2019.12.11-11.44.57:740][  0]LogTemp: Display: Module 'AllDesktopTargetPlatform' loaded TargetPlatform 'AllDesktop'
[2019.12.11-11.44.57:748][  0]LogTemp: Display: Module 'MacClientTargetPlatform' loaded TargetPlatform 'MacClient'
[2019.12.11-11.44.57:757][  0]LogTemp: Display: Module 'MacNoEditorTargetPlatform' loaded TargetPlatform 'MacNoEditor'
[2019.12.11-11.44.57:766][  0]LogTemp: Display: Module 'MacServerTargetPlatform' loaded TargetPlatform 'MacServer'
[2019.12.11-11.44.57:775][  0]LogTemp: Display: Module 'MacTargetPlatform' loaded TargetPlatform 'Mac'
[2019.12.11-11.44.57:784][  0]LogTemp: Display: Module 'WindowsClientTargetPlatform' loaded TargetPlatform 'WindowsClient'
[2019.12.11-11.44.57:792][  0]LogTemp: Display: Module 'WindowsNoEditorTargetPlatform' loaded TargetPlatform 'WindowsNoEditor'
[2019.12.11-11.44.57:801][  0]LogTemp: Display: Module 'WindowsServerTargetPlatform' loaded TargetPlatform 'WindowsServer'
[2019.12.11-11.44.57:806][  0]LogTemp: Display: Module 'WindowsTargetPlatform' loaded TargetPlatform 'Windows'
[2019.12.11-11.44.57:836][  0]LogTemp: Display: Module 'AndroidTargetPlatform' loaded TargetPlatform 'Android'
[2019.12.11-11.44.57:836][  0]LogTemp: Display: Module 'AndroidTargetPlatform' loaded TargetPlatform 'Android_ASTC'
[2019.12.11-11.44.57:836][  0]LogTemp: Display: Module 'AndroidTargetPlatform' loaded TargetPlatform 'Android_ATC'
[2019.12.11-11.44.57:836][  0]LogTemp: Display: Module 'AndroidTargetPlatform' loaded TargetPlatform 'Android_DXT'
[2019.12.11-11.44.57:836][  0]LogTemp: Display: Module 'AndroidTargetPlatform' loaded TargetPlatform 'Android_ETC1'
[2019.12.11-11.44.57:836][  0]LogTemp: Display: Module 'AndroidTargetPlatform' loaded TargetPlatform 'Android_ETC1a'
[2019.12.11-11.44.57:836][  0]LogTemp: Display: Module 'AndroidTargetPlatform' loaded TargetPlatform 'Android_ETC2'
[2019.12.11-11.44.57:836][  0]LogTemp: Display: Module 'AndroidTargetPlatform' loaded TargetPlatform 'Android_PVRTC'
[2019.12.11-11.44.57:836][  0]LogTemp: Display: Module 'AndroidTargetPlatform' loaded TargetPlatform 'AndroidClient'
[2019.12.11-11.44.57:836][  0]LogTemp: Display: Module 'AndroidTargetPlatform' loaded TargetPlatform 'Android_ASTCClient'
[2019.12.11-11.44.57:836][  0]LogTemp: Display: Module 'AndroidTargetPlatform' loaded TargetPlatform 'Android_ATCClient'
[2019.12.11-11.44.57:836][  0]LogTemp: Display: Module 'AndroidTargetPlatform' loaded TargetPlatform 'Android_DXTClient'
[2019.12.11-11.44.57:836][  0]LogTemp: Display: Module 'AndroidTargetPlatform' loaded TargetPlatform 'Android_ETC1Client'
[2019.12.11-11.44.57:836][  0]LogTemp: Display: Module 'AndroidTargetPlatform' loaded TargetPlatform 'Android_ETC1aClient'
[2019.12.11-11.44.57:837][  0]LogTemp: Display: Module 'AndroidTargetPlatform' loaded TargetPlatform 'Android_ETC2Client'
[2019.12.11-11.44.57:838][  0]LogTemp: Display: Module 'AndroidTargetPlatform' loaded TargetPlatform 'Android_PVRTCClient'
[2019.12.11-11.44.57:838][  0]LogTemp: Display: Module 'AndroidTargetPlatform' loaded TargetPlatform 'Android_Multi'
[2019.12.11-11.44.57:838][  0]LogTemp: Display: Module 'AndroidTargetPlatform' loaded TargetPlatform 'Android_MultiClient'
[2019.12.11-11.44.57:838][  0]LogTemp: Display: Module 'HTML5TargetPlatform' loaded TargetPlatform 'HTML5'
[2019.12.11-11.44.57:855][  0]LogTemp: Display: Module 'IOSTargetPlatform' loaded TargetPlatform 'IOSClient'
[2019.12.11-11.44.57:855][  0]LogTemp: Display: Module 'IOSTargetPlatform' loaded TargetPlatform 'IOS'
[2019.12.11-11.44.57:870][  0]LogTemp: Display: Module 'TVOSTargetPlatform' loaded TargetPlatform 'TVOSClient'
[2019.12.11-11.44.57:870][  0]LogTemp: Display: Module 'TVOSTargetPlatform' loaded TargetPlatform 'TVOS'
[2019.12.11-11.44.57:877][  0]LogTemp: Display: Module 'LinuxClientTargetPlatform' loaded TargetPlatform 'LinuxClient'
[2019.12.11-11.44.57:884][  0]LogTemp: Display: Module 'LinuxNoEditorTargetPlatform' loaded TargetPlatform 'LinuxNoEditor'
[2019.12.11-11.44.57:891][  0]LogTemp: Display: Module 'LinuxServerTargetPlatform' loaded TargetPlatform 'LinuxServer'
[2019.12.11-11.44.57:899][  0]LogTemp: Display: Module 'LinuxTargetPlatform' loaded TargetPlatform 'Linux'
[2019.12.11-11.44.57:921][  0]LogTemp: Display: Module 'LuminTargetPlatform' loaded TargetPlatform 'Lumin'
[2019.12.11-11.44.57:921][  0]LogTemp: Display: Module 'LuminTargetPlatform' loaded TargetPlatform 'LuminClient'
[2019.12.11-11.44.57:921][  0]LogTargetPlatformManager: Display: Building Assets For Windows
[2019.12.11-11.44.57:930][  0]LogAudioDebug: Display: Lib vorbis DLL was dynamically loaded.
[2019.12.11-11.44.57:985][  0]LogShaderCompilers: Guid format shader working directory is -44 characters bigger than the processId version (../../../../../../Users/oskar.emanuelsson1/Documents/Visual Studio 2017/Projects/FinalStop/Horror_Game/Intermediate/Shaders/WorkingDirectory/22384/).
[2019.12.11-11.44.57:985][  0]LogShaderCompilers: Cleaned the shader compiler working directory 'C:/Users/oskar.emanuelsson1/AppData/Local/Temp/UnrealShaderWorkingDir/4DFC12284BC86CF4551266B7778C03DE/'.
[2019.12.11-11.44.57:987][  0]LogXGEController: Cannot use XGE Controller as Incredibuild is not installed on this machine.
[2019.12.11-11.44.57:987][  0]LogShaderCompilers: Cannot use XGE Shader Compiler as Incredibuild is not installed on this machine.
[2019.12.11-11.44.57:987][  0]LogShaderCompilers: Display: Using Local Shader Compiler.
[2019.12.11-11.44.58:611][  0]LogDerivedDataCache: Display: Max Cache Size: 512 MB
[2019.12.11-11.44.58:662][  0]LogDerivedDataCache: Loaded boot cache 0.05s 74MB C:/Users/oskar.emanuelsson1/AppData/Local/UnrealEngine/4.23/DerivedDataCache/Boot.ddc.
[2019.12.11-11.44.58:662][  0]LogDerivedDataCache: Display: Loaded Boot cache: C:/Users/oskar.emanuelsson1/AppData/Local/UnrealEngine/4.23/DerivedDataCache/Boot.ddc
[2019.12.11-11.44.58:662][  0]LogDerivedDataCache: FDerivedDataBackendGraph:  Pak pak cache file ../../../../../../Users/oskar.emanuelsson1/Documents/Visual Studio 2017/Projects/FinalStop/Horror_Game/DerivedDataCache/DDC.ddp not found, will not use a pak cache.
[2019.12.11-11.44.58:662][  0]LogDerivedDataCache: Unable to find inner node Pak for hierarchical cache Hierarchy.
[2019.12.11-11.44.58:662][  0]LogDerivedDataCache: FDerivedDataBackendGraph:  CompressedPak pak cache file ../../../../../../Users/oskar.emanuelsson1/Documents/Visual Studio 2017/Projects/FinalStop/Horror_Game/DerivedDataCache/Compressed.ddp not found, will not use a pak cache.
[2019.12.11-11.44.58:662][  0]LogDerivedDataCache: Unable to find inner node CompressedPak for hierarchical cache Hierarchy.
[2019.12.11-11.44.58:676][  0]LogDerivedDataCache: Display: Pak cache opened for reading ../../../Engine/DerivedDataCache/Compressed.ddp.
[2019.12.11-11.44.58:676][  0]LogDerivedDataCache: FDerivedDataBackendGraph:  EnterprisePak pak cache file ../../../Enterprise/DerivedDataCache/Compressed.ddp not found, will not use a pak cache.
[2019.12.11-11.44.58:676][  0]LogDerivedDataCache: Unable to find inner node EnterprisePak for hierarchical cache Hierarchy.
[2019.12.11-11.44.58:677][  0]LogDerivedDataCache: Using Local data cache path C:/Users/oskar.emanuelsson1/AppData/Local/UnrealEngine/Common/DerivedDataCache: Writable
[2019.12.11-11.44.58:677][  0]LogDerivedDataCache: Shared data cache path not found in *engine.ini, will not use an Shared cache.
[2019.12.11-11.44.58:677][  0]LogDerivedDataCache: Unable to find inner node Shared for hierarchical cache Hierarchy.
[2019.12.11-11.44.58:701][  0]LogMaterial: Verifying Global Shaders for PCD3D_SM5
[2019.12.11-11.44.58:703][  0]LogSlate: Using FreeType 2.6.0
[2019.12.11-11.44.58:704][  0]LogSlate: SlateFontServices - WITH_FREETYPE: 1, WITH_HARFBUZZ: 1
[2019.12.11-11.44.58:760][  0]LogAssetRegistry: FAssetRegistry took 0.0027 seconds to start up
[2019.12.11-11.44.59:010][  0]LogInit: Selected Device Profile: [Windows]
[2019.12.11-11.44.59:158][  0]LogMeshReduction: Using QuadricMeshReduction for automatic static mesh reduction
[2019.12.11-11.44.59:158][  0]LogMeshReduction: Using SimplygonMeshReduction for automatic skeletal mesh reduction
[2019.12.11-11.44.59:159][  0]LogMeshReduction: Using ProxyLODMeshReduction for automatic mesh merging
[2019.12.11-11.44.59:159][  0]LogMeshReduction: No distributed automatic mesh merging module available
[2019.12.11-11.44.59:159][  0]LogMeshMerging: No distributed automatic mesh merging module available
[2019.12.11-11.44.59:169][  0]LogNetVersion: Horror_Game 1.0.0, NetCL: 8386587, EngineNetVer: 11, GameNetVer: 0 (Checksum: 522497513)
[2019.12.11-11.44.59:591][  0]LogPackageLocalizationCache: Processed 12 localized package path(s) for 1 prioritized culture(s) in 0.051945 seconds
[2019.12.11-11.44.59:598][  0]LogUObjectArray: 43444 objects as part of root set at end of initial load.
[2019.12.11-11.44.59:598][  0]LogUObjectAllocator: 7548648 out of 0 bytes used by permanent object pool.
[2019.12.11-11.44.59:598][  0]LogUObjectArray: CloseDisregardForGC: 0/0 objects in disregard for GC pool
[2019.12.11-11.45.00:454][  0]LogTcpMessaging: Initializing TcpMessaging bridge
[2019.12.11-11.45.00:458][  0]LogUdpMessaging: Initializing bridge on interface 0.0.0.0:0 to multicast group 230.0.0.1:6666.
[2019.12.11-11.45.00:516][  0]SourceControl: Source control is disabled
[2019.12.11-11.45.00:516][  0]SourceControl: Source control is disabled
[2019.12.11-11.45.00:518][  0]SourceControl: Source control is disabled
[2019.12.11-11.45.00:519][  0]SourceControl: Source control is disabled
[2019.12.11-11.45.00:613][  0]LogAndroidPermission: UAndroidPermissionCallbackProxy::GetInstance
[2019.12.11-11.45.00:794][  0]LogOcInput: OculusInput pre-init called
[2019.12.11-11.45.00:800][  0]LogWindows: Failed to load 'OVRPlugin.dll' (GetLastError=126)
[2019.12.11-11.45.00:800][  0]LogWindows: File 'OVRPlugin.dll' does not exist
[2019.12.11-11.45.00:877][  0]LogEngine: Initializing Engine...
[2019.12.11-11.45.00:878][  0]LogHMD: Failed to initialize OpenVR with code 110
[2019.12.11-11.45.00:879][  0]LogStats: UGameplayTagsManager::InitializeManager -  0.000 s
[2019.12.11-11.45.01:099][  0]LogInit: Initializing FReadOnlyCVARCache
[2019.12.11-11.45.01:115][  0]LogAIModule: Creating AISystem for world Untitled
[2019.12.11-11.45.01:151][  0]LogInit: XAudio2 using 'Hörlurar (Oskars Airpods Stereo)' : 2 channels at 44.1 kHz using 16 bits per sample (channel mask 0x3)
[2019.12.11-11.45.01:165][  0]LogInit: FAudioDevice initialized.
[2019.12.11-11.45.01:165][  0]LogNetVersion: Set ProjectVersion to 1.0.0.0. Version Checksum will be recalculated on next use.
[2019.12.11-11.45.01:218][  0]LogDerivedDataCache: Saved boot cache 0.05s 74MB C:/Users/oskar.emanuelsson1/AppData/Local/UnrealEngine/4.23/DerivedDataCache/Boot.ddc.
[2019.12.11-11.45.01:226][  0]LogInit: Texture streaming: Enabled
[2019.12.11-11.45.01:247][  0]LogEngineSessionManager: EngineSessionManager initialized
[2019.12.11-11.45.01:247][  0]LogEditorSessionSummary: Verbose: Initializing EditorSessionSummaryWriter for editor session tracking
[2019.12.11-11.45.01:248][  0]LogEditorSessionSummary: EditorSessionSummaryWriter initialized
[2019.12.11-11.45.01:314][  0]LogInit: Transaction tracking system initialized
[2019.12.11-11.45.01:349][  0]BlueprintLog: New page: Editor Load
[2019.12.11-11.45.01:438][  0]LocalizationService: Localization service is disabled
[2019.12.11-11.45.01:673][  0]LogFileCache: Scanning file cache for directory 'C:/Users/oskar.emanuelsson1/Documents/Visual Studio 2017/Projects/FinalStop/Horror_Game/Content/' took 0.00s
[2019.12.11-11.45.01:673][  0]LogCook: Display: Max memory allowance for cook 16384mb min free memory 0mb
[2019.12.11-11.45.01:673][  0]LogCook: Display: Mobile HDR setting 1
[2019.12.11-11.45.01:852][  0]SourceControl: Source control is disabled
[2019.12.11-11.45.01:852][  0]LightingResults: New page: Lighting Build
[2019.12.11-11.45.01:855][  0]LogWorld: UWorld::CleanupWorld for Untitled, bSessionEnded=true, bCleanupResources=true
[2019.12.11-11.45.01:856][  0]MapCheck: New page: Map Check
[2019.12.11-11.45.01:856][  0]LightingResults: New page: Lighting Build
[2019.12.11-11.45.01:889][  0]LogUObjectHash: Compacting FUObjectHashTables data took   1.51ms
[2019.12.11-11.45.02:128][  0]LogAIModule: Creating AISystem for world ThirdPersonExampleMap
[2019.12.11-11.45.02:147][  0]LogEditorServer: Finished looking for orphan Actors (0.000 secs)
[2019.12.11-11.45.02:175][  0]LogUObjectHash: Compacting FUObjectHashTables data took   2.02ms
[2019.12.11-11.45.02:175][  0]Cmd: MAP CHECKDEP NOCLEARLOG
[2019.12.11-11.45.02:175][  0]MapCheck: Map check complete: 0 Error(s), 0 Warning(s), took 0,132ms to complete.
[2019.12.11-11.45.02:175][  0]LogFileHelpers: Loading map 'ThirdPersonExampleMap' took 0.323
[2019.12.11-11.45.02:291][  0]LogSlate: Updating window title bar state: overlay mode, drag disabled, window buttons hidden, title bar hidden
[2019.12.11-11.45.02:300][  0]LogSlate: Updating window title bar state: overlay mode, drag disabled, window buttons hidden, title bar hidden
[2019.12.11-11.45.02:308][  0]LogSlate: Updating window title bar state: overlay mode, drag disabled, window buttons hidden, title bar hidden
[2019.12.11-11.45.02:317][  0]LogSlate: Updating window title bar state: overlay mode, drag disabled, window buttons hidden, title bar hidden
[2019.12.11-11.45.02:324][  0]LogCollectionManager: Loaded 0 collections in 0.002149 seconds
[2019.12.11-11.45.02:330][  0]LogFileCache: Scanning file cache for directory 'C:/Users/oskar.emanuelsson1/Documents/Visual Studio 2017/Projects/FinalStop/Horror_Game/Saved/Collections/' took 0.00s
[2019.12.11-11.45.02:330][  0]LogFileCache: Scanning file cache for directory 'C:/Users/oskar.emanuelsson1/Documents/Visual Studio 2017/Projects/FinalStop/Horror_Game/Content/Developers/oskaremanuelsson1/Collections/' took 0.00s
[2019.12.11-11.45.02:330][  0]LogFileCache: Scanning file cache for directory 'C:/Users/oskar.emanuelsson1/Documents/Visual Studio 2017/Projects/FinalStop/Horror_Game/Content/Collections/' took 0.00s
[2019.12.11-11.45.02:330][  0]LogCollectionManager: Rebuilt the GUID cache for 0 collections in 0.000004 seconds
[2019.12.11-11.45.02:338][  0]LogContentBrowser: Native class hierarchy populated in 0.0085 seconds. Added 2863 classes and 680 folders.
[2019.12.11-11.45.02:346][  0]LogContentBrowser: Native class hierarchy updated for 'WidgetCarousel' in 0.0002 seconds. Added 0 classes and 0 folders.
[2019.12.11-11.45.02:385][  0]LogContentBrowser: Native class hierarchy updated for 'AddContentDialog' in 0.0002 seconds. Added 0 classes and 0 folders.
[2019.12.11-11.45.02:390][  0]LogContentBrowser: Native class hierarchy updated for 'SceneOutliner' in 0.0002 seconds. Added 1 classes and 2 folders.
[2019.12.11-11.45.02:412][  0]LogSlate: Took 0.000216 seconds to synchronously load lazily loaded font '../../../Engine/Content/Slate/Fonts/Roboto-Regular.ttf' (155K)
[2019.12.11-11.45.02:414][  0]LogSlate: Took 0.000148 seconds to synchronously load lazily loaded font '../../../Engine/Content/Slate/Fonts/Roboto-Bold.ttf' (160K)
[2019.12.11-11.45.02:419][  0]LogSlate: Took 0.000170 seconds to synchronously load lazily loaded font '../../../Engine/Content/Editor/Slate/Fonts/FontAwesome.ttf' (139K)
[2019.12.11-11.45.02:491][  0]LogRenderer: Reallocating scene render targets to support 964x436 Format 10 NumSamples 1 (Frame:1).
[2019.12.11-11.45.02:679][  0]LogContentBrowser: Native class hierarchy updated for 'HierarchicalLODOutliner' in 0.0004 seconds. Added 0 classes and 0 folders.
[2019.12.11-11.45.02:679][  0]LogLoad: (Engine Initialization) Total time: 7.03 seconds
[2019.12.11-11.45.02:679][  0]LogLoad: (Engine Initialization) Total Blueprint compile time: 0.00 seconds
[2019.12.11-11.45.02:699][  0]LogWindowsTextInputMethodSystem: Display: IME system now deactivated.
[2019.12.11-11.45.02:751][  0]LogContentStreaming: Texture pool size now 1000 MB
[2019.12.11-11.45.02:766][  0]LogSlate: Took 0.000200 seconds to synchronously load lazily loaded font '../../../Engine/Content/Slate/Fonts/Roboto-Light.ttf' (167K)
[2019.12.11-11.45.02:785][  1]LogAssetRegistry: Asset discovery search completed in 4.0267 seconds
[2019.12.11-11.45.02:789][  1]LogCollectionManager: Rebuilt the object cache for 0 collections in 0.000005 seconds (found 0 objects)
[2019.12.11-11.45.02:789][  1]LogCollectionManager: Fixed up redirectors for 0 collections in 0.000051 seconds (updated 0 objects)
[2019.12.11-11.46.02:701][586]LogEditorSessionSummary: EditorSessionSummary sent report. Type=Shutdown, SessionId={5DF5CD5D-4472-6340-8F78-4D9DE30E44E1}
[2019.12.11-11.46.28:069][354]LogSlate: FSceneViewport::OnFocusLost() reason 0
[2019.12.11-11.46.49:160][430]LogSlate: FSceneViewport::OnFocusLost() reason 0
[2019.12.11-11.46.49:161][430]LogTemp: Repeating last play command: Selected Viewport
[2019.12.11-11.46.49:178][430]LogBlueprintUserMessages: Early PlayInEditor Detection: Level '/Game/ThirdPersonBP/Maps/ThirdPersonExampleMap.ThirdPersonExampleMap:PersistentLevel' has LevelScriptBlueprint '/Game/ThirdPersonBP/Maps/ThirdPersonExampleMap.ThirdPersonExampleMap:PersistentLevel.ThirdPersonExampleMap' with GeneratedClass '/Game/ThirdPersonBP/Maps/ThirdPersonExampleMap.ThirdPersonExampleMap_C' with ClassGeneratedBy '/Game/ThirdPersonBP/Maps/ThirdPersonExampleMap.ThirdPersonExampleMap:PersistentLevel.ThirdPersonExampleMap'
[2019.12.11-11.46.49:178][430]LogPlayLevel: PlayLevel: No blueprints needed recompiling
[2019.12.11-11.46.49:187][430]PIE: New page: PIE session: ThirdPersonExampleMap (11 dec 2019 13:46:49)
[2019.12.11-11.46.49:188][430]LogOnline: OSS: Creating online subsystem instance for: NULL
[2019.12.11-11.46.49:189][430]LogPlayLevel: Creating play world package: /Game/ThirdPersonBP/Maps/UEDPIE_0_ThirdPersonExampleMap
[2019.12.11-11.46.49:204][430]LogPlayLevel: PIE: StaticDuplicateObject took: (0.015332s)
[2019.12.11-11.46.49:206][430]LogAIModule: Creating AISystem for world ThirdPersonExampleMap
[2019.12.11-11.46.49:206][430]LogPlayLevel: PIE: World Init took: (0.001523s)
[2019.12.11-11.46.49:206][430]LogPlayLevel: PIE: Created PIE world by copying editor world from /Game/ThirdPersonBP/Maps/ThirdPersonExampleMap.ThirdPersonExampleMap to /Game/ThirdPersonBP/Maps/UEDPIE_0_ThirdPersonExampleMap.ThirdPersonExampleMap (0.017208s)
[2019.12.11-11.46.49:236][430]LogUObjectHash: Compacting FUObjectHashTables data took   1.52ms
[2019.12.11-11.46.49:255][430]LogInit: XAudio2 using 'Hörlurar (Oskars Airpods Stereo)' : 2 channels at 44.1 kHz using 16 bits per sample (channel mask 0x3)
[2019.12.11-11.46.49:266][430]LogInit: FAudioDevice initialized.
[2019.12.11-11.46.49:281][430]LogLoad: Game class is 'ThirdPersonGameMode_C'
[2019.12.11-11.46.49:284][430]LogWorld: Bringing World /Game/ThirdPersonBP/Maps/UEDPIE_0_ThirdPersonExampleMap.ThirdPersonExampleMap up for play (max tick rate 60) at 2019.12.11-12.46.49
[2019.12.11-11.46.49:285][430]LogWorld: Bringing up level for play took: 0.002110
[2019.12.11-11.46.49:285][430]LogOnline: OSS: Creating online subsystem instance for: :Context_2
[2019.12.11-11.46.49:297][430]LogContentBrowser: Native class hierarchy updated for 'MovieSceneCapture' in 0.0003 seconds. Added 20 classes and 0 folders.
[2019.12.11-11.46.49:298][430]PIE: Play in editor start time for /Game/ThirdPersonBP/Maps/UEDPIE_0_ThirdPersonExampleMap −0,261
[2019.12.11-11.46.49:298][430]LogBlueprintUserMessages: Late PlayInEditor Detection: Level '/Game/ThirdPersonBP/Maps/ThirdPersonExampleMap.ThirdPersonExampleMap:PersistentLevel' has LevelScriptBlueprint '/Game/ThirdPersonBP/Maps/ThirdPersonExampleMap.ThirdPersonExampleMap:PersistentLevel.ThirdPersonExampleMap' with GeneratedClass '/Game/ThirdPersonBP/Maps/ThirdPersonExampleMap.ThirdPersonExampleMap_C' with ClassGeneratedBy '/Game/ThirdPersonBP/Maps/ThirdPersonExampleMap.ThirdPersonExampleMap:PersistentLevel.ThirdPersonExampleMap'
[2019.12.11-11.47.34:107][113]LogBlueprintUserMessages: Early EndPlayMap Detection: Level '/Game/ThirdPersonBP/Maps/ThirdPersonExampleMap.ThirdPersonExampleMap:PersistentLevel' has LevelScriptBlueprint '/Game/ThirdPersonBP/Maps/ThirdPersonExampleMap.ThirdPersonExampleMap:PersistentLevel.ThirdPersonExampleMap' with GeneratedClass '/Game/ThirdPersonBP/Maps/ThirdPersonExampleMap.ThirdPersonExampleMap_C' with ClassGeneratedBy '/Game/ThirdPersonBP/Maps/ThirdPersonExampleMap.ThirdPersonExampleMap:PersistentLevel.ThirdPersonExampleMap'
[2019.12.11-11.47.34:107][113]LogSlate: Updating window title bar state: overlay mode, drag disabled, window buttons hidden, title bar hidden
[2019.12.11-11.47.34:107][113]LogWorld: BeginTearingDown for /Game/ThirdPersonBP/Maps/UEDPIE_0_ThirdPersonExampleMap
[2019.12.11-11.47.34:107][113]LogWorld: UWorld::CleanupWorld for ThirdPersonExampleMap, bSessionEnded=true, bCleanupResources=true
[2019.12.11-11.47.34:121][113]LogPlayLevel: Display: Shutting down PIE online subsystems
[2019.12.11-11.47.34:121][113]LogBlueprintUserMessages: Late EndPlayMap Detection: Level '/Game/ThirdPersonBP/Maps/ThirdPersonExampleMap.ThirdPersonExampleMap:PersistentLevel' has LevelScriptBlueprint '/Game/ThirdPersonBP/Maps/ThirdPersonExampleMap.ThirdPersonExampleMap:PersistentLevel.ThirdPersonExampleMap' with GeneratedClass '/Game/ThirdPersonBP/Maps/ThirdPersonExampleMap.ThirdPersonExampleMap_C' with ClassGeneratedBy '/Game/ThirdPersonBP/Maps/ThirdPersonExampleMap.ThirdPersonExampleMap:PersistentLevel.ThirdPersonExampleMap'
[2019.12.11-11.47.34:155][113]LogSlate: Updating window title bar state: overlay mode, drag disabled, window buttons hidden, title bar hidden
[2019.12.11-11.47.34:158][113]LogUObjectHash: Compacting FUObjectHashTables data took   2.00ms
[2019.12.11-11.47.34:218][116]LogPlayLevel: Display: Destroying online subsystem :Context_2
[2019.12.11-11.47.45:511][752]LogSlate: FSceneViewport::OnFocusLost() reason 0
[2019.12.11-11.47.45:727][760]LogSlate: Took 0.000272 seconds to synchronously load lazily loaded font '../../../Engine/Content/Slate/Fonts/Roboto-Light.ttf' (167K)
[2019.12.11-11.47.45:742][760]LogAssetEditorManager: Opening Asset editor for Blueprint /Game/ThirdPersonBP/Blueprints/ThirdPersonCharacter.ThirdPersonCharacter
[2019.12.11-11.47.46:017][760]LogContentBrowser: Native class hierarchy updated for 'BlueprintGraph' in 0.0005 seconds. Added 121 classes and 0 folders.
[2019.12.11-11.47.47:027][760]LogSlate: Took 0.005978 seconds to synchronously load lazily loaded font '../../../Engine/Content/Slate/Fonts/Roboto-BoldCondensed.ttf' (158K)
[2019.12.11-11.47.47:176][761]LogSlate: Took 0.008063 seconds to synchronously load lazily loaded font '../../../Engine/Content/Slate/Fonts/Roboto-Italic.ttf' (157K)
[2019.12.11-11.48.02:510][190]LogRenderer: Reallocating scene render targets to support 964x684 Format 10 NumSamples 1 (Frame:1).
[2019.12.11-11.48.55:503][482]LogSlate: Took 0.015736 seconds to synchronously load lazily loaded font '../../../Engine/Content/Slate/Fonts/Roboto-BoldCondensedItalic.ttf' (160K)
[2019.12.11-11.49.02:757][672]LogEditorSessionSummary: EditorSessionSummary sent report. Type=Shutdown, SessionId={78766C28-4CAC-57A8-83EF-27B9AD56A626}
[2019.12.11-11.49.39:741][ 78]BlueprintLog: New page: Compile ThirdPersonCharacter
[2019.12.11-11.49.39:958][ 78]LogUObjectHash: Compacting FUObjectHashTables data took   4.41ms
[2019.12.11-11.54.44:020][127]LogSavePackage: Moving '../../../../../../Users/oskar.emanuelsson1/Documents/Visual Studio 2017/Projects/FinalStop/Horror_Game/Saved/ThirdPersonCharacterDC0398C44C68A0345C61BC88BA2A0BE2.tmp' to '../../../../../../Users/oskar.emanuelsson1/Documents/Visual Studio 2017/Projects/FinalStop/Horror_Game/Content/ThirdPersonBP/Blueprints/ThirdPersonCharacter.uasset'
[2019.12.11-11.55.03:329][433]LogEditorSessionSummary: EditorSessionSummary sent report. Type=Shutdown, SessionId={55AC4496-48DB-F7EA-9E23-F6BC9DCF153F}
[2019.12.11-11.56.24:747][203]LogUObjectHash: Compacting FUObjectHashTables data took   4.14ms
[2019.12.11-11.56.24:997][203]LogSavePackage: Moving '../../../../../../Users/oskar.emanuelsson1/Documents/Visual Studio 2017/Projects/FinalStop/Horror_Game/Saved/ThirdPersonExampleMap_Auto189825FFB4BE2BEF118DF338DE534FDE4.tmp' to '../../../../../../Users/oskar.emanuelsson1/Documents/Visual Studio 2017/Projects/FinalStop/Horror_Game/Saved/Autosaves/Game/ThirdPersonBP/Maps/ThirdPersonExampleMap_Auto1.umap'
[2019.12.11-11.56.25:005][203]LogFileHelpers: Editor autosave (incl. sublevels) for '/Game/ThirdPersonBP/Maps/ThirdPersonExampleMap' took 0.319
[2019.12.11-11.56.25:005][203]LogFileHelpers: Editor autosave (incl. sublevels) for all levels took 0.319
[2019.12.11-11.56.25:007][203]OBJ SavePackage: Generating thumbnails for [1] asset(s) in package [/Game/ThirdPersonBP/Blueprints/ThirdPersonCharacter] ([1] browsable assets)...
[2019.12.11-11.56.25:067][203]OBJ SavePackage:     Rendered thumbnail for [Blueprint /Game/ThirdPersonBP/Blueprints/ThirdPersonCharacter.ThirdPersonCharacter]
[2019.12.11-11.56.25:067][203]OBJ SavePackage: Finished generating thumbnails for package [/Game/ThirdPersonBP/Blueprints/ThirdPersonCharacter]
[2019.12.11-11.56.25:181][203]LogSavePackage: Moving '../../../../../../Users/oskar.emanuelsson1/Documents/Visual Studio 2017/Projects/FinalStop/Horror_Game/Saved/ThirdPersonCharacter_Auto1C5C9A859444C9AA1482A3B9C0DBDEC5D.tmp' to '../../../../../../Users/oskar.emanuelsson1/Documents/Visual Studio 2017/Projects/FinalStop/Horror_Game/Saved/Autosaves/Game/ThirdPersonBP/Blueprints/ThirdPersonCharacter_Auto1.uasset'
[2019.12.11-11.56.25:183][203]LogFileHelpers: Auto-saving content packages took 0.176
[2019.12.11-11.56.49:617][910]LogTemp: Repeating last play command: Selected Viewport
[2019.12.11-11.56.49:633][910]LogBlueprintUserMessages: Early PlayInEditor Detection: Level '/Game/ThirdPersonBP/Maps/ThirdPersonExampleMap.ThirdPersonExampleMap:PersistentLevel' has LevelScriptBlueprint '/Game/ThirdPersonBP/Maps/ThirdPersonExampleMap.ThirdPersonExampleMap:PersistentLevel.ThirdPersonExampleMap' with GeneratedClass '/Game/ThirdPersonBP/Maps/ThirdPersonExampleMap.ThirdPersonExampleMap_C' with ClassGeneratedBy '/Game/ThirdPersonBP/Maps/ThirdPersonExampleMap.ThirdPersonExampleMap:PersistentLevel.ThirdPersonExampleMap'
[2019.12.11-11.56.49:633][910]BlueprintLog: New page: Pre-Play auto-recompile
[2019.12.11-11.56.49:634][910]LogPlayLevel: [PlayLevel] Compiling ThirdPersonCharacter before play...
[2019.12.11-11.56.49:865][910]LogUObjectHash: Compacting FUObjectHashTables data took   3.46ms
[2019.12.11-11.56.49:865][910]LogPlayLevel: PlayLevel: Blueprint regeneration took 232 ms (1 blueprints)
[2019.12.11-11.56.49:866][910]PIE: New page: PIE session: ThirdPersonExampleMap (11 dec 2019 13:56:49)
[2019.12.11-11.56.49:866][910]LogPlayLevel: Creating play world package: /Game/ThirdPersonBP/Maps/UEDPIE_0_ThirdPersonExampleMap
[2019.12.11-11.56.49:877][910]LogPlayLevel: PIE: StaticDuplicateObject took: (0.011501s)
[2019.12.11-11.56.49:878][910]LogAIModule: Creating AISystem for world ThirdPersonExampleMap
[2019.12.11-11.56.49:879][910]LogPlayLevel: PIE: World Init took: (0.001174s)
[2019.12.11-11.56.49:879][910]LogPlayLevel: PIE: Created PIE world by copying editor world from /Game/ThirdPersonBP/Maps/ThirdPersonExampleMap.ThirdPersonExampleMap to /Game/ThirdPersonBP/Maps/UEDPIE_0_ThirdPersonExampleMap.ThirdPersonExampleMap (0.012819s)
[2019.12.11-11.56.49:920][910]LogUObjectHash: Compacting FUObjectHashTables data took   1.77ms
[2019.12.11-11.56.49:936][910]LogInit: XAudio2 using 'Hörlurar (Oskars Airpods Stereo)' : 2 channels at 44.1 kHz using 16 bits per sample (channel mask 0x3)
[2019.12.11-11.56.49:945][910]LogInit: FAudioDevice initialized.
[2019.12.11-11.56.49:954][910]LogLoad: Game class is 'ThirdPersonGameMode_C'
[2019.12.11-11.56.49:956][910]LogWorld: Bringing World /Game/ThirdPersonBP/Maps/UEDPIE_0_ThirdPersonExampleMap.ThirdPersonExampleMap up for play (max tick rate 60) at 2019.12.11-12.56.49
[2019.12.11-11.56.49:956][910]LogWorld: Bringing up level for play took: 0.001478
[2019.12.11-11.56.49:956][910]LogOnline: OSS: Creating online subsystem instance for: :Context_4
[2019.12.11-11.56.49:958][910]PIE: Play in editor start time for /Game/ThirdPersonBP/Maps/UEDPIE_0_ThirdPersonExampleMap 0,4
[2019.12.11-11.56.49:959][910]LogBlueprintUserMessages: Late PlayInEditor Detection: Level '/Game/ThirdPersonBP/Maps/ThirdPersonExampleMap.ThirdPersonExampleMap:PersistentLevel' has LevelScriptBlueprint '/Game/ThirdPersonBP/Maps/ThirdPersonExampleMap.ThirdPersonExampleMap:PersistentLevel.ThirdPersonExampleMap' with GeneratedClass '/Game/ThirdPersonBP/Maps/ThirdPersonExampleMap.ThirdPersonExampleMap_C' with ClassGeneratedBy '/Game/ThirdPersonBP/Maps/ThirdPersonExampleMap.ThirdPersonExampleMap:PersistentLevel.ThirdPersonExampleMap'
[2019.12.11-11.57.02:800][671]LogBlueprintUserMessages: Early EndPlayMap Detection: Level '/Game/ThirdPersonBP/Maps/ThirdPersonExampleMap.ThirdPersonExampleMap:PersistentLevel' has LevelScriptBlueprint '/Game/ThirdPersonBP/Maps/ThirdPersonExampleMap.ThirdPersonExampleMap:PersistentLevel.ThirdPersonExampleMap' with GeneratedClass '/Game/ThirdPersonBP/Maps/ThirdPersonExampleMap.ThirdPersonExampleMap_C' with ClassGeneratedBy '/Game/ThirdPersonBP/Maps/ThirdPersonExampleMap.ThirdPersonExampleMap:PersistentLevel.ThirdPersonExampleMap'
[2019.12.11-11.57.02:800][671]LogSlate: Updating window title bar state: overlay mode, drag disabled, window buttons hidden, title bar hidden
[2019.12.11-11.57.02:800][671]LogWorld: BeginTearingDown for /Game/ThirdPersonBP/Maps/UEDPIE_0_ThirdPersonExampleMap
[2019.12.11-11.57.02:800][671]LogWorld: UWorld::CleanupWorld for ThirdPersonExampleMap, bSessionEnded=true, bCleanupResources=true
[2019.12.11-11.57.02:817][671]LogPlayLevel: Display: Shutting down PIE online subsystems
[2019.12.11-11.57.02:817][671]LogBlueprintUserMessages: Late EndPlayMap Detection: Level '/Game/ThirdPersonBP/Maps/ThirdPersonExampleMap.ThirdPersonExampleMap:PersistentLevel' has LevelScriptBlueprint '/Game/ThirdPersonBP/Maps/ThirdPersonExampleMap.ThirdPersonExampleMap:PersistentLevel.ThirdPersonExampleMap' with GeneratedClass '/Game/ThirdPersonBP/Maps/ThirdPersonExampleMap.ThirdPersonExampleMap_C' with ClassGeneratedBy '/Game/ThirdPersonBP/Maps/ThirdPersonExampleMap.ThirdPersonExampleMap:PersistentLevel.ThirdPersonExampleMap'
[2019.12.11-11.57.02:860][671]LogSlate: Updating window title bar state: overlay mode, drag disabled, window buttons hidden, title bar hidden
[2019.12.11-11.57.02:864][671]LogUObjectHash: Compacting FUObjectHashTables data took   2.53ms
[2019.12.11-11.57.02:916][672]LogPlayLevel: Display: Destroying online subsystem :Context_4
[2019.12.11-11.57.14:178][  5]LogSlate: FSceneViewport::OnFocusLost() reason 2
[2019.12.11-11.57.16:964][168]LogTemp: Repeating last play command: Selected Viewport
[2019.12.11-11.57.16:981][168]LogBlueprintUserMessages: Early PlayInEditor Detection: Level '/Game/ThirdPersonBP/Maps/ThirdPersonExampleMap.ThirdPersonExampleMap:PersistentLevel' has LevelScriptBlueprint '/Game/ThirdPersonBP/Maps/ThirdPersonExampleMap.ThirdPersonExampleMap:PersistentLevel.ThirdPersonExampleMap' with GeneratedClass '/Game/ThirdPersonBP/Maps/ThirdPersonExampleMap.ThirdPersonExampleMap_C' with ClassGeneratedBy '/Game/ThirdPersonBP/Maps/ThirdPersonExampleMap.ThirdPersonExampleMap:PersistentLevel.ThirdPersonExampleMap'
[2019.12.11-11.57.16:981][168]LogPlayLevel: PlayLevel: No blueprints needed recompiling
[2019.12.11-11.57.16:981][168]PIE: New page: PIE session: ThirdPersonExampleMap (11 dec 2019 13:57:16)
[2019.12.11-11.57.16:981][168]LogPlayLevel: Creating play world package: /Game/ThirdPersonBP/Maps/UEDPIE_0_ThirdPersonExampleMap
[2019.12.11-11.57.16:993][168]LogPlayLevel: PIE: StaticDuplicateObject took: (0.012053s)
[2019.12.11-11.57.16:994][168]LogAIModule: Creating AISystem for world ThirdPersonExampleMap
[2019.12.11-11.57.17:001][168]LogPlayLevel: PIE: World Init took: (0.008150s)
[2019.12.11-11.57.17:001][168]LogPlayLevel: PIE: Created PIE world by copying editor world from /Game/ThirdPersonBP/Maps/ThirdPersonExampleMap.ThirdPersonExampleMap to /Game/ThirdPersonBP/Maps/UEDPIE_0_ThirdPersonExampleMap.ThirdPersonExampleMap (0.020403s)
[2019.12.11-11.57.17:039][168]LogUObjectHash: Compacting FUObjectHashTables data took   2.58ms
[2019.12.11-11.57.17:056][168]LogInit: XAudio2 using 'Hörlurar (Oskars Airpods Stereo)' : 2 channels at 44.1 kHz using 16 bits per sample (channel mask 0x3)
[2019.12.11-11.57.17:067][168]LogInit: FAudioDevice initialized.
[2019.12.11-11.57.17:073][168]LogLoad: Game class is 'ThirdPersonGameMode_C'
[2019.12.11-11.57.17:075][168]LogWorld: Bringing World /Game/ThirdPersonBP/Maps/UEDPIE_0_ThirdPersonExampleMap.ThirdPersonExampleMap up for play (max tick rate 60) at 2019.12.11-12.57.17
[2019.12.11-11.57.17:076][168]LogWorld: Bringing up level for play took: 0.001523
[2019.12.11-11.57.17:076][168]LogOnline: OSS: Creating online subsystem instance for: :Context_5
[2019.12.11-11.57.17:078][168]PIE: Play in editor start time for /Game/ThirdPersonBP/Maps/UEDPIE_0_ThirdPersonExampleMap −0,481
[2019.12.11-11.57.17:078][168]LogBlueprintUserMessages: Late PlayInEditor Detection: Level '/Game/ThirdPersonBP/Maps/ThirdPersonExampleMap.ThirdPersonExampleMap:PersistentLevel' has LevelScriptBlueprint '/Game/ThirdPersonBP/Maps/ThirdPersonExampleMap.ThirdPersonExampleMap:PersistentLevel.ThirdPersonExampleMap' with GeneratedClass '/Game/ThirdPersonBP/Maps/ThirdPersonExampleMap.ThirdPersonExampleMap_C' with ClassGeneratedBy '/Game/ThirdPersonBP/Maps/ThirdPersonExampleMap.ThirdPersonExampleMap:PersistentLevel.ThirdPersonExampleMap'
[2019.12.11-11.57.36:958][356]LogBlueprintUserMessages: [ThirdPersonCharacter_167] 75
[2019.12.11-11.57.45:742][883]LogBlueprintUserMessages: Early EndPlayMap Detection: Level '/Game/ThirdPersonBP/Maps/ThirdPersonExampleMap.ThirdPersonExampleMap:PersistentLevel' has LevelScriptBlueprint '/Game/ThirdPersonBP/Maps/ThirdPersonExampleMap.ThirdPersonExampleMap:PersistentLevel.ThirdPersonExampleMap' with GeneratedClass '/Game/ThirdPersonBP/Maps/ThirdPersonExampleMap.ThirdPersonExampleMap_C' with ClassGeneratedBy '/Game/ThirdPersonBP/Maps/ThirdPersonExampleMap.ThirdPersonExampleMap:PersistentLevel.ThirdPersonExampleMap'
[2019.12.11-11.57.45:742][883]LogSlate: Updating window title bar state: overlay mode, drag disabled, window buttons hidden, title bar hidden
[2019.12.11-11.57.45:742][883]LogWorld: BeginTearingDown for /Game/ThirdPersonBP/Maps/UEDPIE_0_ThirdPersonExampleMap
[2019.12.11-11.57.45:742][883]LogWorld: UWorld::CleanupWorld for ThirdPersonExampleMap, bSessionEnded=true, bCleanupResources=true
[2019.12.11-11.57.45:760][883]LogPlayLevel: Display: Shutting down PIE online subsystems
[2019.12.11-11.57.45:761][883]LogBlueprintUserMessages: Late EndPlayMap Detection: Level '/Game/ThirdPersonBP/Maps/ThirdPersonExampleMap.ThirdPersonExampleMap:PersistentLevel' has LevelScriptBlueprint '/Game/ThirdPersonBP/Maps/ThirdPersonExampleMap.ThirdPersonExampleMap:PersistentLevel.ThirdPersonExampleMap' with GeneratedClass '/Game/ThirdPersonBP/Maps/ThirdPersonExampleMap.ThirdPersonExampleMap_C' with ClassGeneratedBy '/Game/ThirdPersonBP/Maps/ThirdPersonExampleMap.ThirdPersonExampleMap:PersistentLevel.ThirdPersonExampleMap'
[2019.12.11-11.57.45:806][883]LogSlate: Updating window title bar state: overlay mode, drag disabled, window buttons hidden, title bar hidden
[2019.12.11-11.57.45:809][883]LogUObjectHash: Compacting FUObjectHashTables data took   2.48ms
[2019.12.11-11.57.45:863][884]LogPlayLevel: Display: Destroying online subsystem :Context_5
[2019.12.11-12.00.12:187][448]LogSlate: FSceneViewport::OnFocusLost() reason 5
[2019.12.11-12.07.07:539][856]LogUObjectHash: Compacting FUObjectHashTables data took   1.17ms
[2019.12.11-12.07.07:788][856]LogSavePackage: Moving '../../../../../../Users/oskar.emanuelsson1/Documents/Visual Studio 2017/Projects/FinalStop/Horror_Game/Saved/ThirdPersonExampleMap_Auto2E8292D6F49610CC3F00BEFAAC46F06D0.tmp' to '../../../../../../Users/oskar.emanuelsson1/Documents/Visual Studio 2017/Projects/FinalStop/Horror_Game/Saved/Autosaves/Game/ThirdPersonBP/Maps/ThirdPersonExampleMap_Auto2.umap'
[2019.12.11-12.07.07:793][856]LogFileHelpers: Editor autosave (incl. sublevels) for '/Game/ThirdPersonBP/Maps/ThirdPersonExampleMap' took 0.314
[2019.12.11-12.07.07:793][856]LogFileHelpers: Editor autosave (incl. sublevels) for all levels took 0.314
[2019.12.11-12.07.07:796][856]OBJ SavePackage: Generating thumbnails for [1] asset(s) in package [/Game/ThirdPersonBP/Blueprints/ThirdPersonCharacter] ([1] browsable assets)...
[2019.12.11-12.07.07:855][856]OBJ SavePackage:     Rendered thumbnail for [Blueprint /Game/ThirdPersonBP/Blueprints/ThirdPersonCharacter.ThirdPersonCharacter]
[2019.12.11-12.07.07:855][856]OBJ SavePackage: Finished generating thumbnails for package [/Game/ThirdPersonBP/Blueprints/ThirdPersonCharacter]
[2019.12.11-12.07.07:946][856]LogSavePackage: Moving '../../../../../../Users/oskar.emanuelsson1/Documents/Visual Studio 2017/Projects/FinalStop/Horror_Game/Saved/ThirdPersonCharacter_Auto272EC8D6D42DE9E5111EC85BC49A3041D.tmp' to '../../../../../../Users/oskar.emanuelsson1/Documents/Visual Studio 2017/Projects/FinalStop/Horror_Game/Saved/Autosaves/Game/ThirdPersonBP/Blueprints/ThirdPersonCharacter_Auto2.uasset'
[2019.12.11-12.07.07:948][856]LogFileHelpers: Auto-saving content packages took 0.152
